#
# There is insufficient memory for the Java Runtime Environment to continue.
# Native memory allocation (malloc) failed to allocate 310576 bytes for Chunk::new
# Possible reasons:
#   The system is out of physical RAM or swap space
#   In 32 bit mode, the process size limit was hit
# Possible solutions:
#   Reduce memory load on the system
#   Increase physical memory or swap space
#   Check if swap backing store is full
#   Use 64 bit Java on a 64 bit OS
#   Decrease Java heap size (-Xmx/-Xms)
#   Decrease number of Java threads
#   Decrease Java thread stack sizes (-Xss)
#   Set larger code cache with -XX:ReservedCodeCacheSize=
# This output file may be truncated or incomplete.
#
#  Out of Memory Error (allocation.cpp:390), pid=9228, tid=0x0000000000000890
#
# JRE version: Java(TM) SE Runtime Environment (8.0_171-b11) (build 1.8.0_171-b11)
# Java VM: Java HotSpot(TM) 64-Bit Server VM (25.171-b11 mixed mode windows-amd64 compressed oops)
# Failed to write core dump. Minidumps are not enabled by default on client versions of Windows
#

---------------  T H R E A D  ---------------

Current thread (0x000000005495a800):  JavaThread "C2 CompilerThread0" daemon [_thread_in_native, id=2192, stack(0x0000000055b60000,0x0000000055c60000)]

Stack: [0x0000000055b60000,0x0000000055c60000]
[error occurred during error reporting (printing stack bounds), id 0xc0000005]

Native frames: (J=compiled Java code, j=interpreted, Vv=VM code, C=native code)


Current CompileTask:
C2:   7006  690  s    4       java.io.BufferedInputStream::read (113 bytes)


---------------  P R O C E S S  ---------------

Java Threads: ( => current thread )
  0x00000000560f4800 JavaThread "Image Fetcher 1" daemon [_thread_blocked, id=9316, stack(0x000000005a680000,0x000000005a780000)]
  0x0000000056182000 JavaThread "Image Fetcher 0" daemon [_thread_blocked, id=7856, stack(0x0000000058650000,0x0000000058750000)]
  0x000000005976b800 JavaThread "D3D Screen Updater" daemon [_thread_blocked, id=8328, stack(0x000000005a550000,0x000000005a650000)]
  0x000000000226f000 JavaThread "DestroyJavaVM" [_thread_blocked, id=6752, stack(0x00000000025b0000,0x00000000026b0000)]
  0x00000000561fa800 JavaThread "AWT-EventQueue-0" [_thread_in_native, id=6848, stack(0x0000000059e10000,0x0000000059f10000)]
  0x0000000056157800 JavaThread "AWT-Shutdown" [_thread_blocked, id=6348, stack(0x00000000588e0000,0x00000000589e0000)]
  0x000000005617d800 JavaThread "TimerQueue" daemon [_thread_blocked, id=9076, stack(0x0000000058500000,0x0000000058600000)]
  0x000000005615d800 JavaThread "AWT-Windows" daemon [_thread_in_native, id=6856, stack(0x0000000056680000,0x0000000056780000)]
  0x0000000056157000 JavaThread "Java2D Disposer" daemon [_thread_blocked, id=10092, stack(0x0000000056560000,0x0000000056660000)]
  0x0000000055e48800 JavaThread "Service Thread" daemon [_thread_blocked, id=6328, stack(0x0000000056360000,0x0000000056460000)]
  0x0000000054975800 JavaThread "C1 CompilerThread1" daemon [_thread_blocked, id=5976, stack(0x0000000055d20000,0x0000000055e20000)]
=>0x000000005495a800 JavaThread "C2 CompilerThread0" daemon [_thread_in_native, id=2192, stack(0x0000000055b60000,0x0000000055c60000)]
  0x0000000054954800 JavaThread "Attach Listener" daemon [_thread_blocked, id=9628, stack(0x00000000559a0000,0x0000000055aa0000)]
  0x0000000054953000 JavaThread "Signal Dispatcher" daemon [_thread_blocked, id=2268, stack(0x0000000055700000,0x0000000055800000)]
  0x000000005493f000 JavaThread "Finalizer" daemon [_thread_blocked, id=9768, stack(0x0000000055270000,0x0000000055370000)]
  0x00000000548f8000 JavaThread "Reference Handler" daemon [_thread_blocked, id=6408, stack(0x0000000055520000,0x0000000055620000)]

Other Threads:
  0x00000000548ee000 VMThread [stack: 0x00000000553a0000,0x00000000554a0000] [id=7744]
  0x0000000055e72000 WatcherThread [stack: 0x0000000055850000,0x0000000055950000] [id=6200]

VM state:not at safepoint (normal execution)

VM Mutex/Monitor currently owned by a thread: None

Heap:
 PSYoungGen      total 17408K, used 649K [0x00000000edb00000, 0x00000000efa80000, 0x0000000100000000)
  eden space 16896K, 3% used [0x00000000edb00000,0x00000000edba2738,0x00000000eeb80000)
  from space 512K, 0% used [0x00000000efa00000,0x00000000efa00000,0x00000000efa80000)
  to   space 2048K, 0% used [0x00000000ef680000,0x00000000ef680000,0x00000000ef880000)
 ParOldGen       total 48128K, used 36070K [0x00000000c9000000, 0x00000000cbf00000, 0x00000000edb00000)
  object space 48128K, 74% used [0x00000000c9000000,0x00000000cb3398c0,0x00000000cbf00000)
 Metaspace       used 10927K, capacity 11160K, committed 11264K, reserved 1060864K
  class space    used 1394K, capacity 1450K, committed 1536K, reserved 1048576K

Card table byte_map: [0x00000000023d0000,0x0000000002590000] byte_map_base: 0x0000000001d88000

Marking Bits: (ParMarkBitMap*) 0x00000000593e08c0
 Begin Bits: [0x0000000012280000, 0x0000000013040000)
 End Bits:   [0x0000000013040000, 0x0000000013e00000)

Polling page: 0x0000000000230000

CodeCache: size=245760Kb used=2733Kb max_used=2733Kb free=243026Kb
 bounds [0x0000000002980000, 0x0000000002c30000, 0x0000000011980000]
 total_blobs=1190 nmethods=706 adapters=399
 compilation: enabled

Compilation events (10 events):
Event: 6.849 Thread 0x0000000054975800 nmethod 686 0x0000000002c1e4d0 code [0x0000000002c1e680, 0x0000000002c1ed18]
Event: 6.855 Thread 0x0000000054975800  687       1       java.net.URL::getQuery (5 bytes)
Event: 6.855 Thread 0x0000000054975800 nmethod 687 0x0000000002c1efd0 code [0x0000000002c1f120, 0x0000000002c1f230]
Event: 6.873 Thread 0x0000000054975800  688   !   3       javax.swing.UIManager::getLAFState (62 bytes)
Event: 6.874 Thread 0x0000000054975800 nmethod 688 0x0000000002c1f290 code [0x0000000002c1f4a0, 0x0000000002c1fe68]
Event: 6.874 Thread 0x0000000054975800  689       3       javax.swing.JComponent::setFlag (34 bytes)
Event: 6.874 Thread 0x0000000054975800 nmethod 689 0x0000000002c20350 code [0x0000000002c204a0, 0x0000000002c20690]
Event: 6.895 Thread 0x000000005495a800  690  s    4       java.io.BufferedInputStream::read (113 bytes)
Event: 6.913 Thread 0x0000000054975800  691       3       sun.reflect.ClassFileAssembler::emitShort (24 bytes)
Event: 6.913 Thread 0x0000000054975800 nmethod 691 0x0000000002c20710 code [0x0000000002c208a0, 0x0000000002c20bd8]

GC Heap History (9 events):
Event: 1.291 GC heap before
{Heap before GC invocations=1 (full 0):
 PSYoungGen      total 16896K, used 14846K [0x00000000edb00000, 0x00000000eed80000, 0x0000000100000000)
  eden space 14848K, 99% used [0x00000000edb00000,0x00000000ee97fbc8,0x00000000ee980000)
  from space 2048K, 0% used [0x00000000eeb80000,0x00000000eeb80000,0x00000000eed80000)
  to   space 2048K, 0% used [0x00000000ee980000,0x00000000ee980000,0x00000000eeb80000)
 ParOldGen       total 38400K, used 34225K [0x00000000c9000000, 0x00000000cb580000, 0x00000000edb00000)
  object space 38400K, 89% used [0x00000000c9000000,0x00000000cb16c410,0x00000000cb580000)
 Metaspace       used 7408K, capacity 7640K, committed 7936K, reserved 1056768K
  class space    used 900K, capacity 968K, committed 1024K, reserved 1048576K
Event: 1.307 GC heap after
Heap after GC invocations=1 (full 0):
 PSYoungGen      total 16896K, used 1264K [0x00000000edb00000, 0x00000000efc00000, 0x0000000100000000)
  eden space 14848K, 0% used [0x00000000edb00000,0x00000000edb00000,0x00000000ee980000)
  from space 2048K, 61% used [0x00000000ee980000,0x00000000eeabc010,0x00000000eeb80000)
  to   space 2048K, 0% used [0x00000000efa00000,0x00000000efa00000,0x00000000efc00000)
 ParOldGen       total 48128K, used 43755K [0x00000000c9000000, 0x00000000cbf00000, 0x00000000edb00000)
  object space 48128K, 90% used [0x00000000c9000000,0x00000000cbabac70,0x00000000cbf00000)
 Metaspace       used 7408K, capacity 7640K, committed 7936K, reserved 1056768K
  class space    used 900K, capacity 968K, committed 1024K, reserved 1048576K
}
Event: 1.307 GC heap before
{Heap before GC invocations=2 (full 1):
 PSYoungGen      total 16896K, used 1264K [0x00000000edb00000, 0x00000000efc00000, 0x0000000100000000)
  eden space 14848K, 0% used [0x00000000edb00000,0x00000000edb00000,0x00000000ee980000)
  from space 2048K, 61% used [0x00000000ee980000,0x00000000eeabc010,0x00000000eeb80000)
  to   space 2048K, 0% used [0x00000000efa00000,0x00000000efa00000,0x00000000efc00000)
 ParOldGen       total 48128K, used 43755K [0x00000000c9000000, 0x00000000cbf00000, 0x00000000edb00000)
  object space 48128K, 90% used [0x00000000c9000000,0x00000000cbabac70,0x00000000cbf00000)
 Metaspace       used 7408K, capacity 7640K, committed 7936K, reserved 1056768K
  class space    used 900K, capacity 968K, committed 1024K, reserved 1048576K
Event: 1.323 GC heap after
Heap after GC invocations=2 (full 1):
 PSYoungGen      total 16896K, used 0K [0x00000000edb00000, 0x00000000efc00000, 0x0000000100000000)
  eden space 14848K, 0% used [0x00000000edb00000,0x00000000edb00000,0x00000000ee980000)
  from space 2048K, 0% used [0x00000000ee980000,0x00000000ee980000,0x00000000eeb80000)
  to   space 2048K, 0% used [0x00000000efa00000,0x00000000efa00000,0x00000000efc00000)
 ParOldGen       total 48128K, used 44929K [0x00000000c9000000, 0x00000000cbf00000, 0x00000000edb00000)
  object space 48128K, 93% used [0x00000000c9000000,0x00000000cbbe0450,0x00000000cbf00000)
 Metaspace       used 7408K, capacity 7640K, committed 7936K, reserved 1056768K
  class space    used 900K, capacity 968K, committed 1024K, reserved 1048576K
}
Event: 1.479 GC heap before
{Heap before GC invocations=3 (full 2):
 PSYoungGen      total 16896K, used 14848K [0x00000000edb00000, 0x00000000efc00000, 0x0000000100000000)
  eden space 14848K, 100% used [0x00000000edb00000,0x00000000ee980000,0x00000000ee980000)
  from space 2048K, 0% used [0x00000000ee980000,0x00000000ee980000,0x00000000eeb80000)
  to   space 2048K, 0% used [0x00000000efa00000,0x00000000efa00000,0x00000000efc00000)
 ParOldGen       total 48128K, used 44929K [0x00000000c9000000, 0x00000000cbf00000, 0x00000000edb00000)
  object space 48128K, 93% used [0x00000000c9000000,0x00000000cbbe0450,0x00000000cbf00000)
 Metaspace       used 7413K, capacity 7648K, committed 7936K, reserved 1056768K
  class space    used 900K, capacity 968K, committed 1024K, reserved 1048576K
Event: 1.495 GC heap after
Heap after GC invocations=3 (full 2):
 PSYoungGen      total 16896K, used 0K [0x00000000edb00000, 0x00000000efc00000, 0x0000000100000000)
  eden space 14848K, 0% used [0x00000000edb00000,0x00000000edb00000,0x00000000ee980000)
  from space 2048K, 0% used [0x00000000ee980000,0x00000000ee980000,0x00000000eeb80000)
  to   space 2048K, 0% used [0x00000000efa00000,0x00000000efa00000,0x00000000efc00000)
 ParOldGen       total 48128K, used 44921K [0x00000000c9000000, 0x00000000cbf00000, 0x00000000edb00000)
  object space 48128K, 93% used [0x00000000c9000000,0x00000000cbbde7d8,0x00000000cbf00000)
 Metaspace       used 7413K, capacity 7648K, committed 7936K, reserved 1056768K
  class space    used 900K, capacity 968K, committed 1024K, reserved 1048576K
}
Event: 1.639 GC heap before
{Heap before GC invocations=4 (full 3):
 PSYoungGen      total 16896K, used 14848K [0x00000000edb00000, 0x00000000efc00000, 0x0000000100000000)
  eden space 14848K, 100% used [0x00000000edb00000,0x00000000ee980000,0x00000000ee980000)
  from space 2048K, 0% used [0x00000000ee980000,0x00000000ee980000,0x00000000eeb80000)
  to   space 2048K, 0% used [0x00000000efa00000,0x00000000efa00000,0x00000000efc00000)
 ParOldGen       total 48128K, used 44921K [0x00000000c9000000, 0x00000000cbf00000, 0x00000000edb00000)
  object space 48128K, 93% used [0x00000000c9000000,0x00000000cbbde7d8,0x00000000cbf00000)
 Metaspace       used 7784K, capacity 8032K, committed 8320K, reserved 1056768K
  class space    used 948K, capacity 1032K, committed 1152K, reserved 1048576K
Event: 1.656 GC heap after
Heap after GC invocations=4 (full 3):
 PSYoungGen      total 16896K, used 0K [0x00000000edb00000, 0x00000000efc00000, 0x0000000100000000)
  eden space 14848K, 0% used [0x00000000edb00000,0x00000000edb00000,0x00000000ee980000)
  from space 2048K, 0% used [0x00000000ee980000,0x00000000ee980000,0x00000000eeb80000)
  to   space 2048K, 0% used [0x00000000efa00000,0x00000000efa00000,0x00000000efc00000)
 ParOldGen       total 48128K, used 45121K [0x00000000c9000000, 0x00000000cbf00000, 0x00000000edb00000)
  object space 48128K, 93% used [0x00000000c9000000,0x00000000cbc106e0,0x00000000cbf00000)
 Metaspace       used 7784K, capacity 8032K, committed 8320K, reserved 1056768K
  class space    used 948K, capacity 1032K, committed 1152K, reserved 1048576K
}
Event: 6.918 GC heap before
{Heap before GC invocations=5 (full 4):
 PSYoungGen      total 16896K, used 9036K [0x00000000edb00000, 0x00000000efc00000, 0x0000000100000000)
  eden space 14848K, 60% used [0x00000000edb00000,0x00000000ee3d32d0,0x00000000ee980000)
  from space 2048K, 0% used [0x00000000ee980000,0x00000000ee980000,0x00000000eeb80000)
  to   space 2048K, 0% used [0x00000000efa00000,0x00000000efa00000,0x00000000efc00000)
 ParOldGen       total 48128K, used 45121K [0x00000000c9000000, 0x00000000cbf00000, 0x00000000edb00000)
  object space 48128K, 93% used [0x00000000c9000000,0x00000000cbc106e0,0x00000000cbf00000)
 Metaspace       used 10670K, capacity 10920K, committed 11008K, reserved 1062912K
  class space    used 1371K, capacity 1456K, committed 1536K, reserved 1048576K

Deoptimization events (10 events):
Event: 1.606 Thread 0x00000000561fa800 Uncommon trap: reason=class_check action=maybe_recompile pc=0x0000000002b65cc0 method=java.io.BufferedInputStream.read([BII)I @ 101
Event: 1.606 Thread 0x00000000561fa800 Uncommon trap: reason=class_check action=maybe_recompile pc=0x0000000002b6f5ac method=java.io.BufferedInputStream.fill()V @ 214
Event: 1.691 Thread 0x00000000561fa800 Uncommon trap: reason=class_check action=maybe_recompile pc=0x0000000002b7985c method=java.io.BufferedInputStream.read1([BII)I @ 39
Event: 1.709 Thread 0x0000000056182000 Uncommon trap: reason=unstable_if action=reinterpret pc=0x0000000002b6d070 method=sun.awt.image.PNGFilterInputStream.read([BII)I @ 30
Event: 1.710 Thread 0x00000000561fa800 Uncommon trap: reason=class_check action=maybe_recompile pc=0x0000000002b7985c method=java.io.BufferedInputStream.read1([BII)I @ 39
Event: 1.712 Thread 0x00000000561fa800 Uncommon trap: reason=class_check action=maybe_recompile pc=0x0000000002b7985c method=java.io.BufferedInputStream.read1([BII)I @ 39
Event: 1.712 Thread 0x00000000561fa800 Uncommon trap: reason=class_check action=maybe_recompile pc=0x0000000002b7985c method=java.io.BufferedInputStream.read1([BII)I @ 39
Event: 1.713 Thread 0x00000000561fa800 Uncommon trap: reason=class_check action=maybe_recompile pc=0x0000000002b76d90 method=java.io.BufferedInputStream.read1([BII)I @ 39
Event: 1.739 Thread 0x0000000056182000 Uncommon trap: reason=unstable_if action=reinterpret pc=0x0000000002b7e358 method=sun.awt.image.ImageRepresentation.getOpaqueRGBImage()Ljava/awt/image/BufferedImage; @ 57
Event: 6.889 Thread 0x0000000056182000 Uncommon trap: reason=unstable_if action=reinterpret pc=0x0000000002b82aa0 method=sun.awt.image.ImageRepresentation.getOpaqueRGBImage()Ljava/awt/image/BufferedImage; @ 71

Classes redefined (0 events):
No events

Internal exceptions (10 events):
Event: 3.050 Thread 0x00000000561fa800 Exception <a 'java/io/FileNotFoundException'> (0x00000000ee2a0a10) thrown at [C:\re\workspace\8-2-build-windows-amd64-cygwin\jdk8u171\10807\hotspot\src\share\vm\prims\jni.cpp, line 709]
Event: 3.119 Thread 0x00000000561fa800 Exception <a 'java/io/FileNotFoundException'> (0x00000000ee2d7370) thrown at [C:\re\workspace\8-2-build-windows-amd64-cygwin\jdk8u171\10807\hotspot\src\share\vm\prims\jni.cpp, line 709]
Event: 3.120 Thread 0x00000000561fa800 Exception <a 'java/io/FileNotFoundException'> (0x00000000ee2db7a0) thrown at [C:\re\workspace\8-2-build-windows-amd64-cygwin\jdk8u171\10807\hotspot\src\share\vm\prims\jni.cpp, line 709]
Event: 3.133 Thread 0x00000000561fa800 Exception <a 'java/io/FileNotFoundException'> (0x00000000ee2e89e0) thrown at [C:\re\workspace\8-2-build-windows-amd64-cygwin\jdk8u171\10807\hotspot\src\share\vm\prims\jni.cpp, line 709]
Event: 3.133 Thread 0x00000000561fa800 Exception <a 'java/io/FileNotFoundException'> (0x00000000ee2e9f60) thrown at [C:\re\workspace\8-2-build-windows-amd64-cygwin\jdk8u171\10807\hotspot\src\share\vm\prims\jni.cpp, line 709]
Event: 3.136 Thread 0x00000000561fa800 Exception <a 'java/io/FileNotFoundException'> (0x00000000ee307588) thrown at [C:\re\workspace\8-2-build-windows-amd64-cygwin\jdk8u171\10807\hotspot\src\share\vm\prims\jni.cpp, line 709]
Event: 3.138 Thread 0x00000000561fa800 Exception <a 'java/io/FileNotFoundException'> (0x00000000ee311de8) thrown at [C:\re\workspace\8-2-build-windows-amd64-cygwin\jdk8u171\10807\hotspot\src\share\vm\prims\jni.cpp, line 709]
Event: 3.139 Thread 0x00000000561fa800 Exception <a 'java/io/FileNotFoundException'> (0x00000000ee325a50) thrown at [C:\re\workspace\8-2-build-windows-amd64-cygwin\jdk8u171\10807\hotspot\src\share\vm\prims\jni.cpp, line 709]
Event: 3.141 Thread 0x00000000561fa800 Exception <a 'java/io/FileNotFoundException'> (0x00000000ee336d10) thrown at [C:\re\workspace\8-2-build-windows-amd64-cygwin\jdk8u171\10807\hotspot\src\share\vm\prims\jni.cpp, line 709]
Event: 3.146 Thread 0x00000000561fa800 Exception <a 'java/io/FileNotFoundException'> (0x00000000ee367918) thrown at [C:\re\workspace\8-2-build-windows-amd64-cygwin\jdk8u171\10807\hotspot\src\share\vm\prims\jni.cpp, line 709]

Events (10 events):
Event: 6.917 loading class javax/swing/DefaultSingleSelectionModel done
Event: 6.917 loading class javax/swing/plaf/metal/MetalMenuBarUI
Event: 6.917 loading class javax/swing/plaf/basic/BasicMenuBarUI
Event: 6.917 loading class javax/swing/plaf/MenuBarUI
Event: 6.917 loading class javax/swing/plaf/MenuBarUI done
Event: 6.917 loading class javax/swing/plaf/basic/BasicMenuBarUI done
Event: 6.917 loading class javax/swing/plaf/metal/MetalMenuBarUI done
Event: 6.917 loading class javax/swing/plaf/basic/DefaultMenuLayout
Event: 6.917 loading class javax/swing/BoxLayout
Event: 6.918 Executing VM operation: CollectForMetadataAllocation


Dynamic libraries:
0x000000013f210000 - 0x000000013f247000 	C:\Program Files\Java\jre1.8.0_171\bin\javaw.exe
0x0000000076f40000 - 0x00000000770df000 	C:\Windows\SYSTEM32\ntdll.dll
0x0000000076e20000 - 0x0000000076f3f000 	C:\Windows\system32\kernel32.dll
0x000007fefcc50000 - 0x000007fefccba000 	C:\Windows\system32\KERNELBASE.dll
0x000007feff150000 - 0x000007feff22b000 	C:\Windows\system32\ADVAPI32.dll
0x000007fefd790000 - 0x000007fefd82f000 	C:\Windows\system32\msvcrt.dll
0x000007fefdfb0000 - 0x000007fefdfcf000 	C:\Windows\SYSTEM32\sechost.dll
0x000007fefdb20000 - 0x000007fefdc4d000 	C:\Windows\system32\RPCRT4.dll
0x0000000076d20000 - 0x0000000076e1a000 	C:\Windows\system32\USER32.dll
0x000007fefdf40000 - 0x000007fefdfa7000 	C:\Windows\system32\GDI32.dll
0x000007fefd490000 - 0x000007fefd49e000 	C:\Windows\system32\LPK.dll
0x000007fefe220000 - 0x000007fefe2eb000 	C:\Windows\system32\USP10.dll
0x000007fefb390000 - 0x000007fefb584000 	C:\Windows\WinSxS\amd64_microsoft.windows.common-controls_6595b64144ccf1df_6.0.7601.18837_none_fa3b1e3d17594757\COMCTL32.dll
0x000007fefd8b0000 - 0x000007fefd921000 	C:\Windows\system32\SHLWAPI.dll
0x000007feff120000 - 0x000007feff14e000 	C:\Windows\system32\IMM32.DLL
0x000007fefda10000 - 0x000007fefdb19000 	C:\Windows\system32\MSCTF.dll
0x000000005b5b0000 - 0x000000005b682000 	C:\Program Files\Java\jre1.8.0_171\bin\msvcr100.dll
0x0000000058bc0000 - 0x0000000059460000 	C:\Program Files\Java\jre1.8.0_171\bin\server\jvm.dll
0x000007feed4c0000 - 0x000007feed4c9000 	C:\Windows\system32\WSOCK32.dll
0x000007fefdfd0000 - 0x000007fefe01d000 	C:\Windows\system32\WS2_32.dll
0x000007fefded0000 - 0x000007fefded8000 	C:\Windows\system32\NSI.dll
0x000007fefab00000 - 0x000007fefab3b000 	C:\Windows\system32\WINMM.dll
0x000007fefbb00000 - 0x000007fefbb0c000 	C:\Windows\system32\VERSION.dll
0x00000000770e0000 - 0x00000000770e7000 	C:\Windows\system32\PSAPI.DLL
0x0000000071950000 - 0x000000007195f000 	C:\Program Files\Java\jre1.8.0_171\bin\verify.dll
0x000000005a7a0000 - 0x000000005a7c9000 	C:\Program Files\Java\jre1.8.0_171\bin\java.dll
0x0000000071690000 - 0x00000000716a6000 	C:\Program Files\Java\jre1.8.0_171\bin\zip.dll
0x000007fefe390000 - 0x000007feff11b000 	C:\Windows\system32\SHELL32.dll
0x000007fefe020000 - 0x000007fefe21d000 	C:\Windows\system32\ole32.dll
0x000007fefcc20000 - 0x000007fefcc2f000 	C:\Windows\system32\profapi.dll
0x0000000058a20000 - 0x0000000058bb8000 	C:\Program Files\Java\jre1.8.0_171\bin\awt.dll
0x000007fefd930000 - 0x000007fefda0a000 	C:\Windows\system32\OLEAUT32.dll
0x000007fefabf0000 - 0x000007fefac08000 	C:\Windows\system32\DWMAPI.DLL
0x000007fee8ee0000 - 0x000007fee8ffd000 	C:\Windows\system32\opengl32.dll
0x000007fef17d0000 - 0x000007fef17fd000 	C:\Windows\system32\GLU32.dll
0x000007fef1660000 - 0x000007fef1751000 	C:\Windows\system32\DDRAW.dll
0x000007fef3fa0000 - 0x000007fef3fa8000 	C:\Windows\system32\DCIMAN32.dll
0x000007fefdc50000 - 0x000007fefde27000 	C:\Windows\system32\SETUPAPI.dll
0x000007fefcf40000 - 0x000007fefcf76000 	C:\Windows\system32\CFGMGR32.dll
0x000007fefcd00000 - 0x000007fefcd1a000 	C:\Windows\system32\DEVOBJ.dll
0x000007fefb050000 - 0x000007fefb0a6000 	C:\Windows\system32\uxtheme.dll
0x000007fefcab0000 - 0x000007fefcabf000 	C:\Windows\system32\CRYPTBASE.dll
0x000007fee6540000 - 0x000007fee673f000 	C:\Windows\system32\d3d9.dll
0x000007fef3fc0000 - 0x000007fef3fc7000 	C:\Windows\system32\d3d8thk.dll
0x000007fee5360000 - 0x000007fee6534000 	C:\Windows\system32\nvd3dumx.dll
0x000007fefbc90000 - 0x000007fefbc93000 	C:\Windows\system32\api-ms-win-core-synch-l1-2-0.DLL
0x000007fefae00000 - 0x000007fefae2c000 	C:\Windows\system32\powrprof.dll
0x000000005b720000 - 0x000000005b767000 	C:\Program Files\Java\jre1.8.0_171\bin\fontmanager.dll
0x000000005eb50000 - 0x000000005eb6a000 	C:\Program Files\Java\jre1.8.0_171\bin\net.dll
0x000007fefc3a0000 - 0x000007fefc3f5000 	C:\Windows\system32\mswsock.dll
0x000007fefc390000 - 0x000007fefc397000 	C:\Windows\System32\wship6.dll
0x000000005ea70000 - 0x000000005ea81000 	C:\Program Files\Java\jre1.8.0_171\bin\nio.dll
0x000000005ec10000 - 0x000000005ec52000 	C:\Program Files\Java\jre1.8.0_171\bin\t2k.dll

VM Arguments:
jvm_args: -Dfile.encoding=Cp1252 
java_command: SistCad
java_class_path (initial): C:\Program Files\Java\jre1.8.0_171\lib\resources.jar;C:\Program Files\Java\jre1.8.0_171\lib\rt.jar;C:\Program Files\Java\jre1.8.0_171\lib\jsse.jar;C:\Program Files\Java\jre1.8.0_171\lib\jce.jar;C:\Program Files\Java\jre1.8.0_171\lib\charsets.jar;C:\Program Files\Java\jre1.8.0_171\lib\jfr.jar;C:\Program Files\Java\jre1.8.0_171\lib\ext\access-bridge-64.jar;C:\Program Files\Java\jre1.8.0_171\lib\ext\cldrdata.jar;C:\Program Files\Java\jre1.8.0_171\lib\ext\dnsns.jar;C:\Program Files\Java\jre1.8.0_171\lib\ext\jaccess.jar;C:\Program Files\Java\jre1.8.0_171\lib\ext\jfxrt.jar;C:\Program Files\Java\jre1.8.0_171\lib\ext\localedata.jar;C:\Program Files\Java\jre1.8.0_171\lib\ext\nashorn.jar;C:\Program Files\Java\jre1.8.0_171\lib\ext\sunec.jar;C:\Program Files\Java\jre1.8.0_171\lib\ext\sunjce_provider.jar;C:\Program Files\Java\jre1.8.0_171\lib\ext\sunmscapi.jar;C:\Program Files\Java\jre1.8.0_171\lib\ext\sunpkcs11.jar;C:\Program Files\Java\jre1.8.0_171\lib\ext\zipfs.jar;E:\2º modulo\PC\Antonio-Projeto\bin
Launcher Type: SUN_STANDARD

Environment Variables:
PATH=C:/Program Files/Java/jre1.8.0_171/bin/server;C:/Program Files/Java/jre1.8.0_171/bin;C:/Program Files/Java/jre1.8.0_171/lib/amd64;C:\Program Files (x86)\Common Files\Oracle\Java\javapath;C:\ProgramData\Oracle\Java\javapath;C:\Windows\system32;C:\Windows;C:\Windows\System32\Wbem;C:\Windows\System32\WindowsPowerShell\v1.0\;C:\Users\Lucas\AppData\Roaming\Dashlane\4.6.6.23032\bin\Firefox_Extension\{442718d9-475e-452a-b3e1-fb1ee16b8e9f}\components;%DASHLANE_DLL_DIR%;C:\Windows\system32;
USERNAME=Lucas
OS=Windows_NT
PROCESSOR_IDENTIFIER=Intel64 Family 6 Model 23 Stepping 10, GenuineIntel



---------------  S Y S T E M  ---------------

OS: Windows 7 , 64 bit Build 7601 (6.1.7601.24150)

CPU:total 2 (initial active 2) (2 cores per cpu, 1 threads per core) family 6 model 23 stepping 10, cmov, cx8, fxsr, mmx, sse, sse2, sse3, ssse3, sse4.1, tsc

Memory: 4k page, physical 3603768k(285928k free), swap 14413196k(5460k free)

vm_info: Java HotSpot(TM) 64-Bit Server VM (25.171-b11) for windows-amd64 JRE (1.8.0_171-b11), built on Mar 28 2018 16:06:12 by "java_re" with MS VC++ 10.0 (VS2010)

time: Thu Jun 21 19:39:06 2018
elapsed time: 7 seconds (0d 0h 0m 7s)

