#
# There is insufficient memory for the Java Runtime Environment to continue.
# Native memory allocation (malloc) failed to allocate 32744 bytes for ChunkPool::allocate
# Possible reasons:
#   The system is out of physical RAM or swap space
#   In 32 bit mode, the process size limit was hit
# Possible solutions:
#   Reduce memory load on the system
#   Increase physical memory or swap space
#   Check if swap backing store is full
#   Use 64 bit Java on a 64 bit OS
#   Decrease Java heap size (-Xmx/-Xms)
#   Decrease number of Java threads
#   Decrease Java thread stack sizes (-Xss)
#   Set larger code cache with -XX:ReservedCodeCacheSize=
# This output file may be truncated or incomplete.
#
#  Out of Memory Error (allocation.cpp:273), pid=9544, tid=0x0000000000002434
#
# JRE version: Java(TM) SE Runtime Environment (8.0_171-b11) (build 1.8.0_171-b11)
# Java VM: Java HotSpot(TM) 64-Bit Server VM (25.171-b11 mixed mode windows-amd64 compressed oops)
# Failed to write core dump. Minidumps are not enabled by default on client versions of Windows
#

---------------  T H R E A D  ---------------

Current thread (0x000000005493e800):  JavaThread "C2 CompilerThread0" daemon [_thread_in_native, id=9268, stack(0x0000000055bb0000,0x0000000055cb0000)]

Stack: [0x0000000055bb0000,0x0000000055cb0000]
[error occurred during error reporting (printing stack bounds), id 0xc0000005]

Native frames: (J=compiled Java code, j=interpreted, Vv=VM code, C=native code)


Current CompileTask:
C2:  13743  477       4       java.util.Arrays::copyOfRange (63 bytes)


---------------  P R O C E S S  ---------------

Java Threads: ( => current thread )
  0x0000000059b20800 JavaThread "D3D Screen Updater" daemon [_thread_blocked, id=6980, stack(0x000000005a570000,0x000000005a670000)]
  0x0000000001c7f000 JavaThread "DestroyJavaVM" [_thread_blocked, id=9540, stack(0x00000000023e0000,0x00000000024e0000)]
  0x00000000560fc800 JavaThread "AWT-EventQueue-0" [_thread_in_native, id=9752, stack(0x0000000059ca0000,0x0000000059da0000)]
  0x00000000560f6800 JavaThread "AWT-Shutdown" [_thread_blocked, id=9736, stack(0x0000000059dd0000,0x0000000059ed0000)]
  0x00000000560f0000 JavaThread "TimerQueue" daemon [_thread_blocked, id=9592, stack(0x0000000058700000,0x0000000058800000)]
  0x00000000560d2800 JavaThread "AWT-Windows" daemon [_thread_in_native, id=8332, stack(0x0000000056560000,0x0000000056660000)]
  0x00000000560ce800 JavaThread "Java2D Disposer" daemon [_thread_blocked, id=9564, stack(0x0000000056660000,0x0000000056760000)]
  0x0000000055dc4000 JavaThread "Service Thread" daemon [_thread_blocked, id=8200, stack(0x00000000562f0000,0x00000000563f0000)]
  0x0000000054946000 JavaThread "C1 CompilerThread1" daemon [_thread_blocked, id=9312, stack(0x0000000055cb0000,0x0000000055db0000)]
=>0x000000005493e800 JavaThread "C2 CompilerThread0" daemon [_thread_in_native, id=9268, stack(0x0000000055bb0000,0x0000000055cb0000)]
  0x000000005493b000 JavaThread "Attach Listener" daemon [_thread_blocked, id=7548, stack(0x00000000559b0000,0x0000000055ab0000)]
  0x0000000054939800 JavaThread "Signal Dispatcher" daemon [_thread_blocked, id=6848, stack(0x0000000055810000,0x0000000055910000)]
  0x0000000054923000 JavaThread "Finalizer" daemon [_thread_blocked, id=5256, stack(0x00000000556a0000,0x00000000557a0000)]
  0x00000000548dc000 JavaThread "Reference Handler" daemon [_thread_blocked, id=8912, stack(0x0000000055270000,0x0000000055370000)]

Other Threads:
  0x00000000548ce000 VMThread [stack: 0x0000000055400000,0x0000000055500000] [id=9692]
  0x0000000055dc5800 WatcherThread [stack: 0x0000000056450000,0x0000000056550000] [id=9704]

VM state:not at safepoint (normal execution)

VM Mutex/Monitor currently owned by a thread: None

Heap:
 PSYoungGen      total 26112K, used 5316K [0x00000000edb00000, 0x00000000efa80000, 0x0000000100000000)
  eden space 24064K, 21% used [0x00000000edb00000,0x00000000ee021108,0x00000000ef280000)
  from space 2048K, 3% used [0x00000000ef680000,0x00000000ef690000,0x00000000ef880000)
  to   space 2048K, 0% used [0x00000000ef880000,0x00000000ef880000,0x00000000efa80000)
 ParOldGen       total 82944K, used 44936K [0x00000000c9000000, 0x00000000ce100000, 0x00000000edb00000)
  object space 82944K, 54% used [0x00000000c9000000,0x00000000cbbe2308,0x00000000ce100000)
 Metaspace       used 10219K, capacity 10490K, committed 10624K, reserved 1062912K
  class space    used 1272K, capacity 1359K, committed 1408K, reserved 1048576K

Card table byte_map: [0x0000000011b70000,0x0000000011d30000] byte_map_base: 0x0000000011528000

Marking Bits: (ParMarkBitMap*) 0x00000000593e08c0
 Begin Bits: [0x0000000012260000, 0x0000000013020000)
 End Bits:   [0x0000000013020000, 0x0000000013de0000)

Polling page: 0x0000000001c50000

CodeCache: size=245760Kb used=2618Kb max_used=2618Kb free=243142Kb
 bounds [0x00000000027b0000, 0x0000000002a40000, 0x00000000117b0000]
 total_blobs=1077 nmethods=599 adapters=393
 compilation: enabled

Compilation events (10 events):
Event: 7.796 Thread 0x0000000054946000  472       3       java.nio.HeapByteBuffer::ix (7 bytes)
Event: 7.796 Thread 0x0000000054946000 nmethod 472 0x00000000029f6450 code [0x00000000029f65a0, 0x00000000029f66f0]
Event: 8.200 Thread 0x0000000054946000  473       3       sun.java2d.pipe.RenderBuffer::putInt (26 bytes)
Event: 8.201 Thread 0x0000000054946000 nmethod 473 0x00000000029f7b90 code [0x00000000029f7ce0, 0x00000000029f7e50]
Event: 8.204 Thread 0x000000005493e800  475       4       java.lang.CharacterData::of (120 bytes)
Event: 8.204 Thread 0x000000005493e800 nmethod 475 0x00000000029fab90 code [0x00000000029facc0, 0x00000000029fad38]
Event: 8.204 Thread 0x000000005493e800  476       4       java.lang.CharacterDataLatin1::toLowerCase (39 bytes)
Event: 8.205 Thread 0x000000005493e800 nmethod 476 0x00000000029f93d0 code [0x00000000029f9500, 0x00000000029f95b8]
Event: 8.208 Thread 0x000000005493e800  477       4       java.util.Arrays::copyOfRange (63 bytes)
Event: 8.559 Thread 0x0000000054946000  478       1       java.util.concurrent.locks.AbstractOwnableSynchronizer::getExclusiveOwnerThread (5 bytes)

GC Heap History (8 events):
Event: 2.450 GC heap before
{Heap before GC invocations=1 (full 0):
 PSYoungGen      total 16896K, used 14838K [0x00000000edb00000, 0x00000000eed80000, 0x0000000100000000)
  eden space 14848K, 99% used [0x00000000edb00000,0x00000000ee97da88,0x00000000ee980000)
  from space 2048K, 0% used [0x00000000eeb80000,0x00000000eeb80000,0x00000000eed80000)
  to   space 2048K, 0% used [0x00000000ee980000,0x00000000ee980000,0x00000000eeb80000)
 ParOldGen       total 38400K, used 34225K [0x00000000c9000000, 0x00000000cb580000, 0x00000000edb00000)
  object space 38400K, 89% used [0x00000000c9000000,0x00000000cb16c410,0x00000000cb580000)
 Metaspace       used 7412K, capacity 7636K, committed 7936K, reserved 1056768K
  class space    used 900K, capacity 968K, committed 1024K, reserved 1048576K
Event: 2.474 GC heap after
Heap after GC invocations=1 (full 0):
 PSYoungGen      total 16896K, used 1232K [0x00000000edb00000, 0x00000000efc00000, 0x0000000100000000)
  eden space 14848K, 0% used [0x00000000edb00000,0x00000000edb00000,0x00000000ee980000)
  from space 2048K, 60% used [0x00000000ee980000,0x00000000eeab4010,0x00000000eeb80000)
  to   space 2048K, 0% used [0x00000000efa00000,0x00000000efa00000,0x00000000efc00000)
 ParOldGen       total 48128K, used 43763K [0x00000000c9000000, 0x00000000cbf00000, 0x00000000edb00000)
  object space 48128K, 90% used [0x00000000c9000000,0x00000000cbabcc70,0x00000000cbf00000)
 Metaspace       used 7412K, capacity 7636K, committed 7936K, reserved 1056768K
  class space    used 900K, capacity 968K, committed 1024K, reserved 1048576K
}
Event: 2.474 GC heap before
{Heap before GC invocations=2 (full 1):
 PSYoungGen      total 16896K, used 1232K [0x00000000edb00000, 0x00000000efc00000, 0x0000000100000000)
  eden space 14848K, 0% used [0x00000000edb00000,0x00000000edb00000,0x00000000ee980000)
  from space 2048K, 60% used [0x00000000ee980000,0x00000000eeab4010,0x00000000eeb80000)
  to   space 2048K, 0% used [0x00000000efa00000,0x00000000efa00000,0x00000000efc00000)
 ParOldGen       total 48128K, used 43763K [0x00000000c9000000, 0x00000000cbf00000, 0x00000000edb00000)
  object space 48128K, 90% used [0x00000000c9000000,0x00000000cbabcc70,0x00000000cbf00000)
 Metaspace       used 7412K, capacity 7636K, committed 7936K, reserved 1056768K
  class space    used 900K, capacity 968K, committed 1024K, reserved 1048576K
Event: 2.513 GC heap after
Heap after GC invocations=2 (full 1):
 PSYoungGen      total 16896K, used 0K [0x00000000edb00000, 0x00000000efc00000, 0x0000000100000000)
  eden space 14848K, 0% used [0x00000000edb00000,0x00000000edb00000,0x00000000ee980000)
  from space 2048K, 0% used [0x00000000ee980000,0x00000000ee980000,0x00000000eeb80000)
  to   space 2048K, 0% used [0x00000000efa00000,0x00000000efa00000,0x00000000efc00000)
 ParOldGen       total 82944K, used 44928K [0x00000000c9000000, 0x00000000ce100000, 0x00000000edb00000)
  object space 82944K, 54% used [0x00000000c9000000,0x00000000cbbe0308,0x00000000ce100000)
 Metaspace       used 7412K, capacity 7636K, committed 7936K, reserved 1056768K
  class space    used 900K, capacity 968K, committed 1024K, reserved 1048576K
}
Event: 2.944 GC heap before
{Heap before GC invocations=3 (full 1):
 PSYoungGen      total 16896K, used 14848K [0x00000000edb00000, 0x00000000efc00000, 0x0000000100000000)
  eden space 14848K, 100% used [0x00000000edb00000,0x00000000ee980000,0x00000000ee980000)
  from space 2048K, 0% used [0x00000000ee980000,0x00000000ee980000,0x00000000eeb80000)
  to   space 2048K, 0% used [0x00000000efa00000,0x00000000efa00000,0x00000000efc00000)
 ParOldGen       total 82944K, used 44928K [0x00000000c9000000, 0x00000000ce100000, 0x00000000edb00000)
  object space 82944K, 54% used [0x00000000c9000000,0x00000000cbbe0308,0x00000000ce100000)
 Metaspace       used 7429K, capacity 7644K, committed 7936K, reserved 1056768K
  class space    used 900K, capacity 968K, committed 1024K, reserved 1048576K
Event: 2.946 GC heap after
Heap after GC invocations=3 (full 1):
 PSYoungGen      total 19456K, used 32K [0x00000000edb00000, 0x00000000efa80000, 0x0000000100000000)
  eden space 18944K, 0% used [0x00000000edb00000,0x00000000edb00000,0x00000000eed80000)
  from space 512K, 6% used [0x00000000efa00000,0x00000000efa08000,0x00000000efa80000)
  to   space 2048K, 0% used [0x00000000ef680000,0x00000000ef680000,0x00000000ef880000)
 ParOldGen       total 82944K, used 44936K [0x00000000c9000000, 0x00000000ce100000, 0x00000000edb00000)
  object space 82944K, 54% used [0x00000000c9000000,0x00000000cbbe2308,0x00000000ce100000)
 Metaspace       used 7429K, capacity 7644K, committed 7936K, reserved 1056768K
  class space    used 900K, capacity 968K, committed 1024K, reserved 1048576K
}
Event: 3.399 GC heap before
{Heap before GC invocations=4 (full 1):
 PSYoungGen      total 19456K, used 18976K [0x00000000edb00000, 0x00000000efa80000, 0x0000000100000000)
  eden space 18944K, 100% used [0x00000000edb00000,0x00000000eed80000,0x00000000eed80000)
  from space 512K, 6% used [0x00000000efa00000,0x00000000efa08000,0x00000000efa80000)
  to   space 2048K, 0% used [0x00000000ef680000,0x00000000ef680000,0x00000000ef880000)
 ParOldGen       total 82944K, used 44936K [0x00000000c9000000, 0x00000000ce100000, 0x00000000edb00000)
  object space 82944K, 54% used [0x00000000c9000000,0x00000000cbbe2308,0x00000000ce100000)
 Metaspace       used 7445K, capacity 7676K, committed 7936K, reserved 1056768K
  class space    used 905K, capacity 1000K, committed 1024K, reserved 1048576K
Event: 3.401 GC heap after
Heap after GC invocations=4 (full 1):
 PSYoungGen      total 26112K, used 64K [0x00000000edb00000, 0x00000000efa80000, 0x0000000100000000)
  eden space 24064K, 0% used [0x00000000edb00000,0x00000000edb00000,0x00000000ef280000)
  from space 2048K, 3% used [0x00000000ef680000,0x00000000ef690000,0x00000000ef880000)
  to   space 2048K, 0% used [0x00000000ef880000,0x00000000ef880000,0x00000000efa80000)
 ParOldGen       total 82944K, used 44936K [0x00000000c9000000, 0x00000000ce100000, 0x00000000edb00000)
  object space 82944K, 54% used [0x00000000c9000000,0x00000000cbbe2308,0x00000000ce100000)
 Metaspace       used 7445K, capacity 7676K, committed 7936K, reserved 1056768K
  class space    used 905K, capacity 1000K, committed 1024K, reserved 1048576K
}

Deoptimization events (10 events):
Event: 3.450 Thread 0x00000000560f5000 Uncommon trap: reason=unstable_if action=reinterpret pc=0x00000000029b666c method=sun.awt.image.PNGFilterInputStream.read([BII)I @ 30
Event: 3.484 Thread 0x00000000560f5000 Uncommon trap: reason=unstable_if action=reinterpret pc=0x00000000029af418 method=sun.awt.image.ImageRepresentation.getOpaqueRGBImage()Ljava/awt/image/BufferedImage; @ 57
Event: 3.837 Thread 0x00000000560fc800 Uncommon trap: reason=class_check action=maybe_recompile pc=0x00000000029b1900 method=java.io.BufferedInputStream.read([BII)I @ 101
Event: 3.838 Thread 0x00000000560fc800 Uncommon trap: reason=class_check action=maybe_recompile pc=0x00000000029b1900 method=java.io.BufferedInputStream.read([BII)I @ 101
Event: 3.838 Thread 0x00000000560fc800 Uncommon trap: reason=class_check action=maybe_recompile pc=0x00000000029b1900 method=java.io.BufferedInputStream.read([BII)I @ 101
Event: 3.838 Thread 0x00000000560fc800 Uncommon trap: reason=class_check action=maybe_recompile pc=0x00000000029b1900 method=java.io.BufferedInputStream.read([BII)I @ 101
Event: 5.709 Thread 0x00000000560fc800 Uncommon trap: reason=class_check action=maybe_recompile pc=0x00000000029e25a0 method=java.io.BufferedInputStream.read1([BII)I @ 39
Event: 5.710 Thread 0x00000000560fc800 Uncommon trap: reason=class_check action=maybe_recompile pc=0x00000000029e25a0 method=java.io.BufferedInputStream.read1([BII)I @ 39
Event: 5.711 Thread 0x00000000560fc800 Uncommon trap: reason=class_check action=maybe_recompile pc=0x00000000029e25a0 method=java.io.BufferedInputStream.read1([BII)I @ 39
Event: 5.712 Thread 0x00000000560fc800 Uncommon trap: reason=class_check action=maybe_recompile pc=0x00000000029e25a0 method=java.io.BufferedInputStream.read1([BII)I @ 39

Classes redefined (0 events):
No events

Internal exceptions (10 events):
Event: 0.601 Thread 0x0000000001c7f000 Exception <a 'java/lang/NoSuchMethodError': Method sun.misc.Unsafe.defineClass(Ljava/lang/String;[BII)Ljava/lang/Class; name or signature does not match> (0x00000000edb07cb0) thrown at [C:\re\workspace\8-2-build-windows-amd64-cygwin\jdk8u171\10807\hotspot
Event: 0.602 Thread 0x0000000001c7f000 Exception <a 'java/lang/NoSuchMethodError': Method sun.misc.Unsafe.prefetchRead(Ljava/lang/Object;J)V name or signature does not match> (0x00000000edb07f98) thrown at [C:\re\workspace\8-2-build-windows-amd64-cygwin\jdk8u171\10807\hotspot\src\share\vm\prim
Event: 1.097 Thread 0x0000000001c7f000 Exception <a 'java/security/PrivilegedActionException'> (0x00000000edbe5228) thrown at [C:\re\workspace\8-2-build-windows-amd64-cygwin\jdk8u171\10807\hotspot\src\share\vm\prims\jvm.cpp, line 1435]
Event: 1.097 Thread 0x0000000001c7f000 Exception <a 'java/security/PrivilegedActionException'> (0x00000000edbe5438) thrown at [C:\re\workspace\8-2-build-windows-amd64-cygwin\jdk8u171\10807\hotspot\src\share\vm\prims\jvm.cpp, line 1435]
Event: 1.097 Thread 0x0000000001c7f000 Exception <a 'java/security/PrivilegedActionException'> (0x00000000edbe90a8) thrown at [C:\re\workspace\8-2-build-windows-amd64-cygwin\jdk8u171\10807\hotspot\src\share\vm\prims\jvm.cpp, line 1435]
Event: 1.097 Thread 0x0000000001c7f000 Exception <a 'java/security/PrivilegedActionException'> (0x00000000edbe92b8) thrown at [C:\re\workspace\8-2-build-windows-amd64-cygwin\jdk8u171\10807\hotspot\src\share\vm\prims\jvm.cpp, line 1435]
Event: 1.107 Thread 0x0000000001c7f000 Exception <a 'java/io/FileNotFoundException'> (0x00000000edbef278) thrown at [C:\re\workspace\8-2-build-windows-amd64-cygwin\jdk8u171\10807\hotspot\src\share\vm\prims\jni.cpp, line 709]
Event: 1.236 Thread 0x0000000001c7f000 Exception <a 'java/lang/NoSuchFieldError': method resolution failed> (0x00000000edcc0ff0) thrown at [C:\re\workspace\8-2-build-windows-amd64-cygwin\jdk8u171\10807\hotspot\src\share\vm\prims\methodHandles.cpp, line 1167]
Event: 1.250 Thread 0x0000000001c7f000 Exception <a 'java/lang/NoSuchFieldError': method resolution failed> (0x00000000edcce3c0) thrown at [C:\re\workspace\8-2-build-windows-amd64-cygwin\jdk8u171\10807\hotspot\src\share\vm\prims\methodHandles.cpp, line 1167]
Event: 1.350 Thread 0x0000000001c7f000 Exception <a 'java/io/FileNotFoundException'> (0x00000000edd673f0) thrown at [C:\re\workspace\8-2-build-windows-amd64-cygwin\jdk8u171\10807\hotspot\src\share\vm\prims\jni.cpp, line 709]

Events (10 events):
Event: 8.200 loading class sun/java2d/loops/ProcessPath$Edge
Event: 8.200 loading class sun/java2d/loops/ProcessPath$Edge done
Event: 8.201 loading class sun/font/SunFontManager$FamilyDescription
Event: 8.201 loading class sun/font/SunFontManager$FamilyDescription done
Event: 8.201 loading class java/util/concurrent/ConcurrentHashMap$KeyIterator
Event: 8.201 loading class java/util/concurrent/ConcurrentHashMap$BaseIterator
Event: 8.201 loading class java/util/concurrent/ConcurrentHashMap$Traverser
Event: 8.201 loading class java/util/concurrent/ConcurrentHashMap$Traverser done
Event: 8.201 loading class java/util/concurrent/ConcurrentHashMap$BaseIterator done
Event: 8.201 loading class java/util/concurrent/ConcurrentHashMap$KeyIterator done


Dynamic libraries:
0x000000013f210000 - 0x000000013f247000 	C:\Program Files\Java\jre1.8.0_171\bin\javaw.exe
0x0000000076f40000 - 0x00000000770df000 	C:\Windows\SYSTEM32\ntdll.dll
0x0000000076e20000 - 0x0000000076f3f000 	C:\Windows\system32\kernel32.dll
0x000007fefcc50000 - 0x000007fefccba000 	C:\Windows\system32\KERNELBASE.dll
0x000007feff150000 - 0x000007feff22b000 	C:\Windows\system32\ADVAPI32.dll
0x000007fefd790000 - 0x000007fefd82f000 	C:\Windows\system32\msvcrt.dll
0x000007fefdfb0000 - 0x000007fefdfcf000 	C:\Windows\SYSTEM32\sechost.dll
0x000007fefdb20000 - 0x000007fefdc4d000 	C:\Windows\system32\RPCRT4.dll
0x0000000076d20000 - 0x0000000076e1a000 	C:\Windows\system32\USER32.dll
0x000007fefdf40000 - 0x000007fefdfa7000 	C:\Windows\system32\GDI32.dll
0x000007fefd490000 - 0x000007fefd49e000 	C:\Windows\system32\LPK.dll
0x000007fefe220000 - 0x000007fefe2eb000 	C:\Windows\system32\USP10.dll
0x000007fefb390000 - 0x000007fefb584000 	C:\Windows\WinSxS\amd64_microsoft.windows.common-controls_6595b64144ccf1df_6.0.7601.18837_none_fa3b1e3d17594757\COMCTL32.dll
0x000007fefd8b0000 - 0x000007fefd921000 	C:\Windows\system32\SHLWAPI.dll
0x000007feff120000 - 0x000007feff14e000 	C:\Windows\system32\IMM32.DLL
0x000007fefda10000 - 0x000007fefdb19000 	C:\Windows\system32\MSCTF.dll
0x000000005b5b0000 - 0x000000005b682000 	C:\Program Files\Java\jre1.8.0_171\bin\msvcr100.dll
0x0000000058bc0000 - 0x0000000059460000 	C:\Program Files\Java\jre1.8.0_171\bin\server\jvm.dll
0x000007feed4c0000 - 0x000007feed4c9000 	C:\Windows\system32\WSOCK32.dll
0x000007fefdfd0000 - 0x000007fefe01d000 	C:\Windows\system32\WS2_32.dll
0x000007fefded0000 - 0x000007fefded8000 	C:\Windows\system32\NSI.dll
0x000007fefab00000 - 0x000007fefab3b000 	C:\Windows\system32\WINMM.dll
0x000007fefbb00000 - 0x000007fefbb0c000 	C:\Windows\system32\VERSION.dll
0x00000000770e0000 - 0x00000000770e7000 	C:\Windows\system32\PSAPI.DLL
0x0000000071950000 - 0x000000007195f000 	C:\Program Files\Java\jre1.8.0_171\bin\verify.dll
0x000000005a7a0000 - 0x000000005a7c9000 	C:\Program Files\Java\jre1.8.0_171\bin\java.dll
0x0000000071690000 - 0x00000000716a6000 	C:\Program Files\Java\jre1.8.0_171\bin\zip.dll
0x000007fefe390000 - 0x000007feff11b000 	C:\Windows\system32\SHELL32.dll
0x000007fefe020000 - 0x000007fefe21d000 	C:\Windows\system32\ole32.dll
0x000007fefcc20000 - 0x000007fefcc2f000 	C:\Windows\system32\profapi.dll
0x0000000058a20000 - 0x0000000058bb8000 	C:\Program Files\Java\jre1.8.0_171\bin\awt.dll
0x000007fefd930000 - 0x000007fefda0a000 	C:\Windows\system32\OLEAUT32.dll
0x000007fefabf0000 - 0x000007fefac08000 	C:\Windows\system32\DWMAPI.DLL
0x000007fee8ee0000 - 0x000007fee8ffd000 	C:\Windows\system32\opengl32.dll
0x000007fef17d0000 - 0x000007fef17fd000 	C:\Windows\system32\GLU32.dll
0x000007fef1660000 - 0x000007fef1751000 	C:\Windows\system32\DDRAW.dll
0x000007fef3fa0000 - 0x000007fef3fa8000 	C:\Windows\system32\DCIMAN32.dll
0x000007fefdc50000 - 0x000007fefde27000 	C:\Windows\system32\SETUPAPI.dll
0x000007fefcf40000 - 0x000007fefcf76000 	C:\Windows\system32\CFGMGR32.dll
0x000007fefcd00000 - 0x000007fefcd1a000 	C:\Windows\system32\DEVOBJ.dll
0x000007fefb050000 - 0x000007fefb0a6000 	C:\Windows\system32\uxtheme.dll
0x000007fefcab0000 - 0x000007fefcabf000 	C:\Windows\system32\CRYPTBASE.dll
0x000007fee6540000 - 0x000007fee673f000 	C:\Windows\system32\d3d9.dll
0x000007fef3fc0000 - 0x000007fef3fc7000 	C:\Windows\system32\d3d8thk.dll
0x000007fee5360000 - 0x000007fee6534000 	C:\Windows\system32\nvd3dumx.dll
0x000007fefbc90000 - 0x000007fefbc93000 	C:\Windows\system32\api-ms-win-core-synch-l1-2-0.DLL
0x000007fefae00000 - 0x000007fefae2c000 	C:\Windows\system32\powrprof.dll
0x000000005b720000 - 0x000000005b767000 	C:\Program Files\Java\jre1.8.0_171\bin\fontmanager.dll
0x000000005eb50000 - 0x000000005eb6a000 	C:\Program Files\Java\jre1.8.0_171\bin\net.dll
0x000007fefc3a0000 - 0x000007fefc3f5000 	C:\Windows\system32\mswsock.dll
0x000007fefc390000 - 0x000007fefc397000 	C:\Windows\System32\wship6.dll
0x000000005ea70000 - 0x000000005ea81000 	C:\Program Files\Java\jre1.8.0_171\bin\nio.dll
0x000000005ec10000 - 0x000000005ec52000 	C:\Program Files\Java\jre1.8.0_171\bin\t2k.dll

VM Arguments:
jvm_args: -Dfile.encoding=Cp1252 
java_command: SistCad
java_class_path (initial): C:\Program Files\Java\jre1.8.0_171\lib\resources.jar;C:\Program Files\Java\jre1.8.0_171\lib\rt.jar;C:\Program Files\Java\jre1.8.0_171\lib\jsse.jar;C:\Program Files\Java\jre1.8.0_171\lib\jce.jar;C:\Program Files\Java\jre1.8.0_171\lib\charsets.jar;C:\Program Files\Java\jre1.8.0_171\lib\jfr.jar;C:\Program Files\Java\jre1.8.0_171\lib\ext\access-bridge-64.jar;C:\Program Files\Java\jre1.8.0_171\lib\ext\cldrdata.jar;C:\Program Files\Java\jre1.8.0_171\lib\ext\dnsns.jar;C:\Program Files\Java\jre1.8.0_171\lib\ext\jaccess.jar;C:\Program Files\Java\jre1.8.0_171\lib\ext\jfxrt.jar;C:\Program Files\Java\jre1.8.0_171\lib\ext\localedata.jar;C:\Program Files\Java\jre1.8.0_171\lib\ext\nashorn.jar;C:\Program Files\Java\jre1.8.0_171\lib\ext\sunec.jar;C:\Program Files\Java\jre1.8.0_171\lib\ext\sunjce_provider.jar;C:\Program Files\Java\jre1.8.0_171\lib\ext\sunmscapi.jar;C:\Program Files\Java\jre1.8.0_171\lib\ext\sunpkcs11.jar;C:\Program Files\Java\jre1.8.0_171\lib\ext\zipfs.jar;E:\2º modulo\PC\Antonio-Projeto\bin
Launcher Type: SUN_STANDARD

Environment Variables:
PATH=C:/Program Files/Java/jre1.8.0_171/bin/server;C:/Program Files/Java/jre1.8.0_171/bin;C:/Program Files/Java/jre1.8.0_171/lib/amd64;C:\Program Files (x86)\Common Files\Oracle\Java\javapath;C:\ProgramData\Oracle\Java\javapath;C:\Windows\system32;C:\Windows;C:\Windows\System32\Wbem;C:\Windows\System32\WindowsPowerShell\v1.0\;C:\Users\Lucas\AppData\Roaming\Dashlane\4.6.6.23032\bin\Firefox_Extension\{442718d9-475e-452a-b3e1-fb1ee16b8e9f}\components;%DASHLANE_DLL_DIR%;C:\Windows\system32;
USERNAME=Lucas
OS=Windows_NT
PROCESSOR_IDENTIFIER=Intel64 Family 6 Model 23 Stepping 10, GenuineIntel



---------------  S Y S T E M  ---------------

OS: Windows 7 , 64 bit Build 7601 (6.1.7601.24150)

CPU:total 2 (initial active 2) (2 cores per cpu, 1 threads per core) family 6 model 23 stepping 10, cmov, cx8, fxsr, mmx, sse, sse2, sse3, ssse3, sse4.1, tsc

Memory: 4k page, physical 3603768k(399880k free), swap 14349792k(13160k free)

vm_info: Java HotSpot(TM) 64-Bit Server VM (25.171-b11) for windows-amd64 JRE (1.8.0_171-b11), built on Mar 28 2018 16:06:12 by "java_re" with MS VC++ 10.0 (VS2010)

time: Thu Jun 21 19:12:19 2018
elapsed time: 13 seconds (0d 0h 0m 13s)

