#
# There is insufficient memory for the Java Runtime Environment to continue.
# Native memory allocation (malloc) failed to allocate 32784 bytes for Chunk::new
# Possible reasons:
#   The system is out of physical RAM or swap space
#   In 32 bit mode, the process size limit was hit
# Possible solutions:
#   Reduce memory load on the system
#   Increase physical memory or swap space
#   Check if swap backing store is full
#   Use 64 bit Java on a 64 bit OS
#   Decrease Java heap size (-Xmx/-Xms)
#   Decrease number of Java threads
#   Decrease Java thread stack sizes (-Xss)
#   Set larger code cache with -XX:ReservedCodeCacheSize=
# This output file may be truncated or incomplete.
#
#  Out of Memory Error (allocation.cpp:390), pid=8600, tid=0x00000000000021e8
#
# JRE version: Java(TM) SE Runtime Environment (8.0_171-b11) (build 1.8.0_171-b11)
# Java VM: Java HotSpot(TM) 64-Bit Server VM (25.171-b11 mixed mode windows-amd64 compressed oops)
# Failed to write core dump. Minidumps are not enabled by default on client versions of Windows
#

---------------  T H R E A D  ---------------

Current thread (0x00000000547da800):  JavaThread "C2 CompilerThread0" daemon [_thread_in_native, id=8680, stack(0x0000000055da0000,0x0000000055ea0000)]

Stack: [0x0000000055da0000,0x0000000055ea0000]
[error occurred during error reporting (printing stack bounds), id 0xc0000005]

Native frames: (J=compiled Java code, j=interpreted, Vv=VM code, C=native code)


Current CompileTask:
C2:1445797 1360       4       java.util.concurrent.locks.AbstractQueuedSynchronizer$ConditionObject::awaitNanos (156 bytes)


---------------  P R O C E S S  ---------------

Java Threads: ( => current thread )
  0x00000000566b0000 JavaThread "D3D Screen Updater" daemon [_thread_blocked, id=8704, stack(0x000000005a170000,0x000000005a270000)]
  0x0000000001dbf000 JavaThread "DestroyJavaVM" [_thread_blocked, id=8624, stack(0x0000000002590000,0x0000000002690000)]
  0x000000005683d000 JavaThread "AWT-EventQueue-0" [_thread_blocked, id=8712, stack(0x0000000059cc0000,0x0000000059dc0000)]
  0x00000000562a9800 JavaThread "TimerQueue" daemon [_thread_blocked, id=8684, stack(0x0000000058320000,0x0000000058420000)]
  0x00000000564b0000 JavaThread "AWT-Windows" daemon [_thread_in_native, id=8648, stack(0x0000000056eb0000,0x0000000056fb0000)]
  0x0000000056273000 JavaThread "AWT-Shutdown" [_thread_blocked, id=8656, stack(0x0000000056510000,0x0000000056610000)]
  0x0000000056272000 JavaThread "Java2D Disposer" daemon [_thread_blocked, id=8660, stack(0x00000000557f0000,0x00000000558f0000)]
  0x0000000054839800 JavaThread "Service Thread" daemon [_thread_blocked, id=8664, stack(0x0000000055fe0000,0x00000000560e0000)]
  0x0000000054836800 JavaThread "C1 CompilerThread1" daemon [_thread_blocked, id=8672, stack(0x0000000055a60000,0x0000000055b60000)]
=>0x00000000547da800 JavaThread "C2 CompilerThread0" daemon [_thread_in_native, id=8680, stack(0x0000000055da0000,0x0000000055ea0000)]
  0x00000000547d6800 JavaThread "Attach Listener" daemon [_thread_blocked, id=8676, stack(0x0000000055b90000,0x0000000055c90000)]
  0x00000000547d5000 JavaThread "Signal Dispatcher" daemon [_thread_blocked, id=8640, stack(0x0000000055900000,0x0000000055a00000)]
  0x00000000547bf000 JavaThread "Finalizer" daemon [_thread_blocked, id=8592, stack(0x00000000556d0000,0x00000000557d0000)]
  0x0000000054778000 JavaThread "Reference Handler" daemon [_thread_blocked, id=8608, stack(0x00000000554e0000,0x00000000555e0000)]

Other Threads:
  0x000000005476e000 VMThread [stack: 0x0000000055220000,0x0000000055320000] [id=8604]
  0x000000005483d000 WatcherThread [stack: 0x0000000055eb0000,0x0000000055fb0000] [id=8668]

VM state:not at safepoint (normal execution)

VM Mutex/Monitor currently owned by a thread: None

Heap:
 PSYoungGen      total 27648K, used 24628K [0x00000000edb00000, 0x00000000efa80000, 0x0000000100000000)
  eden space 25600K, 95% used [0x00000000edb00000,0x00000000ef2fd268,0x00000000ef400000)
  from space 2048K, 3% used [0x00000000ef680000,0x00000000ef690000,0x00000000ef880000)
  to   space 2048K, 0% used [0x00000000ef880000,0x00000000ef880000,0x00000000efa80000)
 ParOldGen       total 82432K, used 44936K [0x00000000c9000000, 0x00000000ce080000, 0x00000000edb00000)
  object space 82432K, 54% used [0x00000000c9000000,0x00000000cbbe2250,0x00000000ce080000)
 Metaspace       used 12931K, capacity 13220K, committed 13312K, reserved 1060864K
  class space    used 1680K, capacity 1756K, committed 1792K, reserved 1048576K

Card table byte_map: [0x00000000023b0000,0x0000000002570000] byte_map_base: 0x0000000001d68000

Marking Bits: (ParMarkBitMap*) 0x00000000593e08c0
 Begin Bits: [0x0000000012100000, 0x0000000012ec0000)
 End Bits:   [0x0000000012ec0000, 0x0000000013c80000)

Polling page: 0x0000000000120000

CodeCache: size=245760Kb used=4880Kb max_used=4891Kb free=240879Kb
 bounds [0x0000000002960000, 0x0000000002e30000, 0x0000000011960000]
 total_blobs=1867 nmethods=1359 adapters=422
 compilation: enabled

Compilation events (10 events):
Event: 1238.213 Thread 0x00000000547da800 nmethod 1355 0x0000000002e02650 code [0x0000000002e02780, 0x0000000002e02858]
Event: 1278.137 Thread 0x00000000547da800 1356       4       javax.swing.TimerQueue::now (8 bytes)
Event: 1278.156 Thread 0x00000000547da800 nmethod 1356 0x0000000002e06010 code [0x0000000002e06140, 0x0000000002e06198]
Event: 1384.300 Thread 0x00000000547da800 1357       4       java.util.concurrent.locks.AbstractQueuedSynchronizer::transferForSignal (45 bytes)
Event: 1384.303 Thread 0x00000000547da800 nmethod 1357 0x0000000002e05a90 code [0x0000000002e05be0, 0x0000000002e05e48]
Event: 1398.277 Thread 0x00000000547da800 1358       4       sun.util.calendar.BaseCalendar::getFixedDate (324 bytes)
Event: 1398.309 Thread 0x00000000547da800 nmethod 1358 0x0000000002e05550 code [0x0000000002e056a0, 0x0000000002e057d8]
Event: 1398.415 Thread 0x00000000547da800 1359       4       java.util.GregorianCalendar::getWeekNumber (89 bytes)
Event: 1398.417 Thread 0x00000000547da800 nmethod 1359 0x0000000002e1a7d0 code [0x0000000002e1a900, 0x0000000002e1aa58]
Event: 1444.130 Thread 0x00000000547da800 1360       4       java.util.concurrent.locks.AbstractQueuedSynchronizer$ConditionObject::awaitNanos (156 bytes)

GC Heap History (8 events):
Event: 0.690 GC heap before
{Heap before GC invocations=1 (full 0):
 PSYoungGen      total 16896K, used 14848K [0x00000000edb00000, 0x00000000eed80000, 0x0000000100000000)
  eden space 14848K, 100% used [0x00000000edb00000,0x00000000ee980000,0x00000000ee980000)
  from space 2048K, 0% used [0x00000000eeb80000,0x00000000eeb80000,0x00000000eed80000)
  to   space 2048K, 0% used [0x00000000ee980000,0x00000000ee980000,0x00000000eeb80000)
 ParOldGen       total 38400K, used 34225K [0x00000000c9000000, 0x00000000cb580000, 0x00000000edb00000)
  object space 38400K, 89% used [0x00000000c9000000,0x00000000cb16c410,0x00000000cb580000)
 Metaspace       used 7400K, capacity 7576K, committed 7680K, reserved 1056768K
  class space    used 900K, capacity 968K, committed 1024K, reserved 1048576K
Event: 0.702 GC heap after
Heap after GC invocations=1 (full 0):
 PSYoungGen      total 16896K, used 1264K [0x00000000edb00000, 0x00000000efc00000, 0x0000000100000000)
  eden space 14848K, 0% used [0x00000000edb00000,0x00000000edb00000,0x00000000ee980000)
  from space 2048K, 61% used [0x00000000ee980000,0x00000000eeabc010,0x00000000eeb80000)
  to   space 2048K, 0% used [0x00000000efa00000,0x00000000efa00000,0x00000000efc00000)
 ParOldGen       total 48128K, used 43755K [0x00000000c9000000, 0x00000000cbf00000, 0x00000000edb00000)
  object space 48128K, 90% used [0x00000000c9000000,0x00000000cbabac70,0x00000000cbf00000)
 Metaspace       used 7400K, capacity 7576K, committed 7680K, reserved 1056768K
  class space    used 900K, capacity 968K, committed 1024K, reserved 1048576K
}
Event: 0.702 GC heap before
{Heap before GC invocations=2 (full 1):
 PSYoungGen      total 16896K, used 1264K [0x00000000edb00000, 0x00000000efc00000, 0x0000000100000000)
  eden space 14848K, 0% used [0x00000000edb00000,0x00000000edb00000,0x00000000ee980000)
  from space 2048K, 61% used [0x00000000ee980000,0x00000000eeabc010,0x00000000eeb80000)
  to   space 2048K, 0% used [0x00000000efa00000,0x00000000efa00000,0x00000000efc00000)
 ParOldGen       total 48128K, used 43755K [0x00000000c9000000, 0x00000000cbf00000, 0x00000000edb00000)
  object space 48128K, 90% used [0x00000000c9000000,0x00000000cbabac70,0x00000000cbf00000)
 Metaspace       used 7400K, capacity 7576K, committed 7680K, reserved 1056768K
  class space    used 900K, capacity 968K, committed 1024K, reserved 1048576K
Event: 0.718 GC heap after
Heap after GC invocations=2 (full 1):
 PSYoungGen      total 16896K, used 0K [0x00000000edb00000, 0x00000000efc00000, 0x0000000100000000)
  eden space 14848K, 0% used [0x00000000edb00000,0x00000000edb00000,0x00000000ee980000)
  from space 2048K, 0% used [0x00000000ee980000,0x00000000ee980000,0x00000000eeb80000)
  to   space 2048K, 0% used [0x00000000efa00000,0x00000000efa00000,0x00000000efc00000)
 ParOldGen       total 82432K, used 44928K [0x00000000c9000000, 0x00000000ce080000, 0x00000000edb00000)
  object space 82432K, 54% used [0x00000000c9000000,0x00000000cbbe0250,0x00000000ce080000)
 Metaspace       used 7400K, capacity 7576K, committed 7680K, reserved 1056768K
  class space    used 900K, capacity 968K, committed 1024K, reserved 1048576K
}
Event: 0.903 GC heap before
{Heap before GC invocations=3 (full 1):
 PSYoungGen      total 16896K, used 14848K [0x00000000edb00000, 0x00000000efc00000, 0x0000000100000000)
  eden space 14848K, 100% used [0x00000000edb00000,0x00000000ee980000,0x00000000ee980000)
  from space 2048K, 0% used [0x00000000ee980000,0x00000000ee980000,0x00000000eeb80000)
  to   space 2048K, 0% used [0x00000000efa00000,0x00000000efa00000,0x00000000efc00000)
 ParOldGen       total 82432K, used 44928K [0x00000000c9000000, 0x00000000ce080000, 0x00000000edb00000)
  object space 82432K, 54% used [0x00000000c9000000,0x00000000cbbe0250,0x00000000ce080000)
 Metaspace       used 7413K, capacity 7648K, committed 7936K, reserved 1056768K
  class space    used 900K, capacity 968K, committed 1024K, reserved 1048576K
Event: 0.904 GC heap after
Heap after GC invocations=3 (full 1):
 PSYoungGen      total 20480K, used 32K [0x00000000edb00000, 0x00000000efa80000, 0x0000000100000000)
  eden space 19968K, 0% used [0x00000000edb00000,0x00000000edb00000,0x00000000eee80000)
  from space 512K, 6% used [0x00000000efa00000,0x00000000efa08000,0x00000000efa80000)
  to   space 2048K, 0% used [0x00000000ef680000,0x00000000ef680000,0x00000000ef880000)
 ParOldGen       total 82432K, used 44936K [0x00000000c9000000, 0x00000000ce080000, 0x00000000edb00000)
  object space 82432K, 54% used [0x00000000c9000000,0x00000000cbbe2250,0x00000000ce080000)
 Metaspace       used 7413K, capacity 7648K, committed 7936K, reserved 1056768K
  class space    used 900K, capacity 968K, committed 1024K, reserved 1048576K
}
Event: 1.111 GC heap before
{Heap before GC invocations=4 (full 1):
 PSYoungGen      total 20480K, used 20000K [0x00000000edb00000, 0x00000000efa80000, 0x0000000100000000)
  eden space 19968K, 100% used [0x00000000edb00000,0x00000000eee80000,0x00000000eee80000)
  from space 512K, 6% used [0x00000000efa00000,0x00000000efa08000,0x00000000efa80000)
  to   space 2048K, 0% used [0x00000000ef680000,0x00000000ef680000,0x00000000ef880000)
 ParOldGen       total 82432K, used 44936K [0x00000000c9000000, 0x00000000ce080000, 0x00000000edb00000)
  object space 82432K, 54% used [0x00000000c9000000,0x00000000cbbe2250,0x00000000ce080000)
 Metaspace       used 7533K, capacity 7744K, committed 7936K, reserved 1056768K
  class space    used 916K, capacity 1000K, committed 1024K, reserved 1048576K
Event: 1.112 GC heap after
Heap after GC invocations=4 (full 1):
 PSYoungGen      total 27648K, used 64K [0x00000000edb00000, 0x00000000efa80000, 0x0000000100000000)
  eden space 25600K, 0% used [0x00000000edb00000,0x00000000edb00000,0x00000000ef400000)
  from space 2048K, 3% used [0x00000000ef680000,0x00000000ef690000,0x00000000ef880000)
  to   space 2048K, 0% used [0x00000000ef880000,0x00000000ef880000,0x00000000efa80000)
 ParOldGen       total 82432K, used 44936K [0x00000000c9000000, 0x00000000ce080000, 0x00000000edb00000)
  object space 82432K, 54% used [0x00000000c9000000,0x00000000cbbe2250,0x00000000ce080000)
 Metaspace       used 7533K, capacity 7744K, committed 7936K, reserved 1056768K
  class space    used 916K, capacity 1000K, committed 1024K, reserved 1048576K
}

Deoptimization events (10 events):
Event: 1.676 Thread 0x000000005683d000 Uncommon trap: reason=class_check action=maybe_recompile pc=0x0000000002b3cd00 method=java.io.BufferedInputStream.read([BII)I @ 101
Event: 1.676 Thread 0x000000005683d000 Uncommon trap: reason=class_check action=maybe_recompile pc=0x0000000002b3cd00 method=java.io.BufferedInputStream.read([BII)I @ 101
Event: 1.676 Thread 0x000000005683d000 Uncommon trap: reason=class_check action=maybe_recompile pc=0x0000000002b3cd00 method=java.io.BufferedInputStream.read([BII)I @ 101
Event: 1.711 Thread 0x000000005683d000 Uncommon trap: reason=unstable_if action=reinterpret pc=0x0000000002bd0b54 method=java.lang.String.<init>([CII)V @ 18
Event: 4.726 Thread 0x0000000056635000 Uncommon trap: reason=unstable_if action=reinterpret pc=0x0000000002b3d890 method=sun.awt.image.PNGFilterInputStream.read([BII)I @ 30
Event: 4.726 Thread 0x0000000056635000 Uncommon trap: reason=unstable_if action=reinterpret pc=0x0000000002b44c20 method=sun.awt.image.ImageRepresentation.getOpaqueRGBImage()Ljava/awt/image/BufferedImage; @ 71
Event: 5.083 Thread 0x000000005683d000 Uncommon trap: reason=class_check action=maybe_recompile pc=0x0000000002af4fd0 method=java.lang.String.equals(Ljava/lang/Object;)Z @ 8
Event: 5.087 Thread 0x000000005683d000 Uncommon trap: reason=class_check action=maybe_recompile pc=0x0000000002af4fd0 method=java.lang.String.equals(Ljava/lang/Object;)Z @ 8
Event: 5.095 Thread 0x000000005683d000 Uncommon trap: reason=class_check action=maybe_recompile pc=0x0000000002af4fd0 method=java.lang.String.equals(Ljava/lang/Object;)Z @ 8
Event: 5.095 Thread 0x000000005683d000 Uncommon trap: reason=class_check action=maybe_recompile pc=0x0000000002af4fd0 method=java.lang.String.equals(Ljava/lang/Object;)Z @ 8

Classes redefined (0 events):
No events

Internal exceptions (10 events):
Event: 1.379 Thread 0x000000005683d000 Exception <a 'java/io/FileNotFoundException'> (0x00000000edd1cd60) thrown at [C:\re\workspace\8-2-build-windows-amd64-cygwin\jdk8u171\10807\hotspot\src\share\vm\prims\jni.cpp, line 709]
Event: 1.403 Thread 0x000000005683d000 Exception <a 'java/io/FileNotFoundException'> (0x00000000edd53d48) thrown at [C:\re\workspace\8-2-build-windows-amd64-cygwin\jdk8u171\10807\hotspot\src\share\vm\prims\jni.cpp, line 709]
Event: 1.403 Thread 0x000000005683d000 Exception <a 'java/io/FileNotFoundException'> (0x00000000edd58178) thrown at [C:\re\workspace\8-2-build-windows-amd64-cygwin\jdk8u171\10807\hotspot\src\share\vm\prims\jni.cpp, line 709]
Event: 1.406 Thread 0x000000005683d000 Exception <a 'java/io/FileNotFoundException'> (0x00000000edd65358) thrown at [C:\re\workspace\8-2-build-windows-amd64-cygwin\jdk8u171\10807\hotspot\src\share\vm\prims\jni.cpp, line 709]
Event: 1.406 Thread 0x000000005683d000 Exception <a 'java/io/FileNotFoundException'> (0x00000000edd668d8) thrown at [C:\re\workspace\8-2-build-windows-amd64-cygwin\jdk8u171\10807\hotspot\src\share\vm\prims\jni.cpp, line 709]
Event: 1.410 Thread 0x000000005683d000 Exception <a 'java/io/FileNotFoundException'> (0x00000000edd83ee0) thrown at [C:\re\workspace\8-2-build-windows-amd64-cygwin\jdk8u171\10807\hotspot\src\share\vm\prims\jni.cpp, line 709]
Event: 1.411 Thread 0x000000005683d000 Exception <a 'java/io/FileNotFoundException'> (0x00000000edd8e6b0) thrown at [C:\re\workspace\8-2-build-windows-amd64-cygwin\jdk8u171\10807\hotspot\src\share\vm\prims\jni.cpp, line 709]
Event: 1.413 Thread 0x000000005683d000 Exception <a 'java/io/FileNotFoundException'> (0x00000000edda22f0) thrown at [C:\re\workspace\8-2-build-windows-amd64-cygwin\jdk8u171\10807\hotspot\src\share\vm\prims\jni.cpp, line 709]
Event: 1.415 Thread 0x000000005683d000 Exception <a 'java/io/FileNotFoundException'> (0x00000000eddb3550) thrown at [C:\re\workspace\8-2-build-windows-amd64-cygwin\jdk8u171\10807\hotspot\src\share\vm\prims\jni.cpp, line 709]
Event: 1.419 Thread 0x000000005683d000 Exception <a 'java/io/FileNotFoundException'> (0x00000000edde3e48) thrown at [C:\re\workspace\8-2-build-windows-amd64-cygwin\jdk8u171\10807\hotspot\src\share\vm\prims\jni.cpp, line 709]

Events (10 events):
Event: 8.827 loading class javax/swing/event/MenuDragMouseEvent
Event: 8.827 loading class javax/swing/event/MenuDragMouseEvent done
Event: 8.995 loading class javax/swing/plaf/basic/BasicMenuUI$Actions
Event: 8.995 loading class javax/swing/plaf/basic/BasicMenuUI$Actions done
Event: 9.531 loading class javax/swing/plaf/basic/BasicMenuItemUI$Actions
Event: 9.531 loading class javax/swing/plaf/basic/BasicMenuItemUI$Actions done
Event: 9.532 loading class javax/swing/plaf/basic/BasicPopupMenuUI$MouseGrabber$2
Event: 9.532 loading class javax/swing/plaf/basic/BasicPopupMenuUI$MouseGrabber$2 done
Event: 9.731 Thread 0x00000000566a7000 Thread exited: 0x00000000566a7000
Event: 9.731 Thread 0x0000000056635000 Thread exited: 0x0000000056635000


Dynamic libraries:
0x000000013f210000 - 0x000000013f247000 	C:\Program Files\Java\jre1.8.0_171\bin\javaw.exe
0x0000000076f40000 - 0x00000000770df000 	C:\Windows\SYSTEM32\ntdll.dll
0x0000000076e20000 - 0x0000000076f3f000 	C:\Windows\system32\kernel32.dll
0x000007fefcc50000 - 0x000007fefccba000 	C:\Windows\system32\KERNELBASE.dll
0x000007feff150000 - 0x000007feff22b000 	C:\Windows\system32\ADVAPI32.dll
0x000007fefd790000 - 0x000007fefd82f000 	C:\Windows\system32\msvcrt.dll
0x000007fefdfb0000 - 0x000007fefdfcf000 	C:\Windows\SYSTEM32\sechost.dll
0x000007fefdb20000 - 0x000007fefdc4d000 	C:\Windows\system32\RPCRT4.dll
0x0000000076d20000 - 0x0000000076e1a000 	C:\Windows\system32\USER32.dll
0x000007fefdf40000 - 0x000007fefdfa7000 	C:\Windows\system32\GDI32.dll
0x000007fefd490000 - 0x000007fefd49e000 	C:\Windows\system32\LPK.dll
0x000007fefe220000 - 0x000007fefe2eb000 	C:\Windows\system32\USP10.dll
0x000007fefb390000 - 0x000007fefb584000 	C:\Windows\WinSxS\amd64_microsoft.windows.common-controls_6595b64144ccf1df_6.0.7601.18837_none_fa3b1e3d17594757\COMCTL32.dll
0x000007fefd8b0000 - 0x000007fefd921000 	C:\Windows\system32\SHLWAPI.dll
0x000007feff120000 - 0x000007feff14e000 	C:\Windows\system32\IMM32.DLL
0x000007fefda10000 - 0x000007fefdb19000 	C:\Windows\system32\MSCTF.dll
0x000000005b5b0000 - 0x000000005b682000 	C:\Program Files\Java\jre1.8.0_171\bin\msvcr100.dll
0x0000000058bc0000 - 0x0000000059460000 	C:\Program Files\Java\jre1.8.0_171\bin\server\jvm.dll
0x000007feed4c0000 - 0x000007feed4c9000 	C:\Windows\system32\WSOCK32.dll
0x000007fefdfd0000 - 0x000007fefe01d000 	C:\Windows\system32\WS2_32.dll
0x000007fefded0000 - 0x000007fefded8000 	C:\Windows\system32\NSI.dll
0x000007fefab00000 - 0x000007fefab3b000 	C:\Windows\system32\WINMM.dll
0x000007fefbb00000 - 0x000007fefbb0c000 	C:\Windows\system32\VERSION.dll
0x00000000770e0000 - 0x00000000770e7000 	C:\Windows\system32\PSAPI.DLL
0x0000000071950000 - 0x000000007195f000 	C:\Program Files\Java\jre1.8.0_171\bin\verify.dll
0x000000005a7a0000 - 0x000000005a7c9000 	C:\Program Files\Java\jre1.8.0_171\bin\java.dll
0x0000000071690000 - 0x00000000716a6000 	C:\Program Files\Java\jre1.8.0_171\bin\zip.dll
0x000007fefe390000 - 0x000007feff11b000 	C:\Windows\system32\SHELL32.dll
0x000007fefe020000 - 0x000007fefe21d000 	C:\Windows\system32\ole32.dll
0x000007fefcc20000 - 0x000007fefcc2f000 	C:\Windows\system32\profapi.dll
0x0000000058a20000 - 0x0000000058bb8000 	C:\Program Files\Java\jre1.8.0_171\bin\awt.dll
0x000007fefd930000 - 0x000007fefda0a000 	C:\Windows\system32\OLEAUT32.dll
0x000007fefabf0000 - 0x000007fefac08000 	C:\Windows\system32\DWMAPI.DLL
0x000007fee8ee0000 - 0x000007fee8ffd000 	C:\Windows\system32\opengl32.dll
0x000007fef17d0000 - 0x000007fef17fd000 	C:\Windows\system32\GLU32.dll
0x000007fef1660000 - 0x000007fef1751000 	C:\Windows\system32\DDRAW.dll
0x000007fef3fa0000 - 0x000007fef3fa8000 	C:\Windows\system32\DCIMAN32.dll
0x000007fefdc50000 - 0x000007fefde27000 	C:\Windows\system32\SETUPAPI.dll
0x000007fefcf40000 - 0x000007fefcf76000 	C:\Windows\system32\CFGMGR32.dll
0x000007fefcd00000 - 0x000007fefcd1a000 	C:\Windows\system32\DEVOBJ.dll
0x000007fefb050000 - 0x000007fefb0a6000 	C:\Windows\system32\uxtheme.dll
0x000007fefcab0000 - 0x000007fefcabf000 	C:\Windows\system32\CRYPTBASE.dll
0x000007fee6540000 - 0x000007fee673f000 	C:\Windows\system32\d3d9.dll
0x000007fef3fc0000 - 0x000007fef3fc7000 	C:\Windows\system32\d3d8thk.dll
0x000007fee5360000 - 0x000007fee6534000 	C:\Windows\system32\nvd3dumx.dll
0x000007fefbc90000 - 0x000007fefbc93000 	C:\Windows\system32\api-ms-win-core-synch-l1-2-0.DLL
0x000007fefae00000 - 0x000007fefae2c000 	C:\Windows\system32\powrprof.dll
0x000000005b720000 - 0x000000005b767000 	C:\Program Files\Java\jre1.8.0_171\bin\fontmanager.dll
0x000000005eb50000 - 0x000000005eb6a000 	C:\Program Files\Java\jre1.8.0_171\bin\net.dll
0x000007fefc3a0000 - 0x000007fefc3f5000 	C:\Windows\system32\mswsock.dll
0x000007fefc390000 - 0x000007fefc397000 	C:\Windows\System32\wship6.dll
0x000000005ea70000 - 0x000000005ea81000 	C:\Program Files\Java\jre1.8.0_171\bin\nio.dll
0x000000005ec10000 - 0x000000005ec52000 	C:\Program Files\Java\jre1.8.0_171\bin\t2k.dll
0x000007fefe2f0000 - 0x000007fefe389000 	C:\Windows\system32\CLBCatQ.DLL
0x000007fefa6b0000 - 0x000007fefa811000 	C:\Windows\system32\WindowsCodecs.dll
0x000007fefca50000 - 0x000007fefcaa7000 	C:\Windows\system32\apphelp.dll
0x000007fef0bf0000 - 0x000007fef0d80000 	C:\Users\Lucas\AppData\Local\Microsoft\OneDrive\18.065.0329.0002\amd64\FileSyncShell64.dll
0x000007fefb0b0000 - 0x000007fefb1dc000 	C:\Windows\system32\PROPSYS.dll
0x000007fefa230000 - 0x000007fefa23a000 	C:\Windows\system32\ktmw32.dll
0x000007fefcfd0000 - 0x000007fefd2f1000 	C:\Windows\system32\WININET.dll
0x000007fefcf80000 - 0x000007fefcf84000 	C:\Windows\system32\api-ms-win-downlevel-user32-l1-1-0.dll
0x000007fefcf90000 - 0x000007fefcf94000 	C:\Windows\system32\api-ms-win-downlevel-shlwapi-l1-1-0.dll
0x000007fefcf30000 - 0x000007fefcf34000 	C:\Windows\system32\api-ms-win-downlevel-version-l1-1-0.dll
0x000007fefcfb0000 - 0x000007fefcfb3000 	C:\Windows\system32\api-ms-win-downlevel-normaliz-l1-1-0.dll
0x00000000770f0000 - 0x00000000770f3000 	C:\Windows\system32\normaliz.DLL
0x000007fefd4a0000 - 0x000007fefd76a000 	C:\Windows\system32\iertutil.dll
0x000007fefcfc0000 - 0x000007fefcfc5000 	C:\Windows\system32\api-ms-win-downlevel-advapi32-l1-1-0.dll
0x000007fefcc30000 - 0x000007fefcc4e000 	C:\Windows\system32\USERENV.dll
0x000007fef1120000 - 0x000007fef117c000 	C:\Program Files (x86)\Dropbox\Client\DropboxExt64.22.0.dll
0x000007fefbad0000 - 0x000007fefbafd000 	C:\Windows\system32\ntmarta.dll
0x000007fefdee0000 - 0x000007fefdf32000 	C:\Windows\system32\WLDAP32.dll
0x000007fef13c0000 - 0x000007fef13df000 	C:\Windows\system32\thumbcache.dll
0x000007fef0880000 - 0x000007fef08eb000 	C:\Windows\system32\PhotoMetadataHandler.dll

VM Arguments:
jvm_args: -Dfile.encoding=Cp1252 
java_command: SistCad
java_class_path (initial): C:\Program Files\Java\jre1.8.0_171\lib\resources.jar;C:\Program Files\Java\jre1.8.0_171\lib\rt.jar;C:\Program Files\Java\jre1.8.0_171\lib\jsse.jar;C:\Program Files\Java\jre1.8.0_171\lib\jce.jar;C:\Program Files\Java\jre1.8.0_171\lib\charsets.jar;C:\Program Files\Java\jre1.8.0_171\lib\jfr.jar;C:\Program Files\Java\jre1.8.0_171\lib\ext\access-bridge-64.jar;C:\Program Files\Java\jre1.8.0_171\lib\ext\cldrdata.jar;C:\Program Files\Java\jre1.8.0_171\lib\ext\dnsns.jar;C:\Program Files\Java\jre1.8.0_171\lib\ext\jaccess.jar;C:\Program Files\Java\jre1.8.0_171\lib\ext\jfxrt.jar;C:\Program Files\Java\jre1.8.0_171\lib\ext\localedata.jar;C:\Program Files\Java\jre1.8.0_171\lib\ext\nashorn.jar;C:\Program Files\Java\jre1.8.0_171\lib\ext\sunec.jar;C:\Program Files\Java\jre1.8.0_171\lib\ext\sunjce_provider.jar;C:\Program Files\Java\jre1.8.0_171\lib\ext\sunmscapi.jar;C:\Program Files\Java\jre1.8.0_171\lib\ext\sunpkcs11.jar;C:\Program Files\Java\jre1.8.0_171\lib\ext\zipfs.jar;E:\2º modulo\PC\Antonio-Projeto\bin
Launcher Type: SUN_STANDARD

Environment Variables:
PATH=C:/Program Files/Java/jre1.8.0_171/bin/server;C:/Program Files/Java/jre1.8.0_171/bin;C:/Program Files/Java/jre1.8.0_171/lib/amd64;C:\Program Files (x86)\Common Files\Oracle\Java\javapath;C:\ProgramData\Oracle\Java\javapath;C:\Windows\system32;C:\Windows;C:\Windows\System32\Wbem;C:\Windows\System32\WindowsPowerShell\v1.0\;C:\Users\Lucas\AppData\Roaming\Dashlane\4.6.6.23032\bin\Firefox_Extension\{442718d9-475e-452a-b3e1-fb1ee16b8e9f}\components;%DASHLANE_DLL_DIR%;C:\Windows\system32;
USERNAME=Lucas
OS=Windows_NT
PROCESSOR_IDENTIFIER=Intel64 Family 6 Model 23 Stepping 10, GenuineIntel



---------------  S Y S T E M  ---------------

OS: Windows 7 , 64 bit Build 7601 (6.1.7601.24150)

CPU:total 2 (initial active 2) (2 cores per cpu, 1 threads per core) family 6 model 23 stepping 10, cmov, cx8, fxsr, mmx, sse, sse2, sse3, ssse3, sse4.1, tsc

Memory: 4k page, physical 3603768k(457208k free), swap 14413196k(2032k free)

vm_info: Java HotSpot(TM) 64-Bit Server VM (25.171-b11) for windows-amd64 JRE (1.8.0_171-b11), built on Mar 28 2018 16:06:12 by "java_re" with MS VC++ 10.0 (VS2010)

time: Thu Jun 21 19:24:10 2018
elapsed time: 1450 seconds (0d 0h 24m 10s)

